<?xml version="1.0" encoding="UTF-8"?>
<testsuite name="com.example.easychat.ExampleUnitTest" tests="1" skipped="0" failures="0" errors="0" timestamp="2024-05-21T14:43:18" hostname="DESKTOP-7GGP2U1" time="0.003">
  <properties/>
  <testcase name="addition_isCorrect" classname="com.example.easychat.ExampleUnitTest" time="0.003"/>
  <system-out><![CDATA[]]></system-out>
  <system-err><![CDATA[]]></system-err>
</testsuite>
